<?xml version="1.0" encoding="UTF-8"?>
<!-- Generated by org.testng.reporters.JUnitReportReporter -->
<testsuite hostname="TestingWorld-PC" name="testcases.TC_001" tests="1" failures="0" timestamp="4 Apr 2017 02:22:07 GMT" time="9.581" errors="0">
  <testcase name="testcase1" time="9.581" classname="testcases.TC_001"/>
</testsuite> <!-- testcases.TC_001 -->
