<?xml version="1.0" encoding="UTF-8"?>
<!-- Generated by org.testng.reporters.JUnitReportReporter -->
<testsuite hostname="TestingWorld-PC" name="testcases.TC_003" tests="1" failures="0" timestamp="4 Apr 2017 03:18:37 GMT" time="8.070" errors="0">
  <testcase name="testcase1" time="8.070" classname="testcases.TC_003"/>
</testsuite> <!-- testcases.TC_003 -->
